This is pdfTeX, Version 3.14159265-2.6-1.40.21 (MiKTeX 20.6.29) (preloaded format=pdflatex 2020.8.25)  1 OCT 2020 12:29
entering extended mode
**./TpImagenes-Alejandro.tex
(TpImagenes-Alejandro.tex
LaTeX2e <2020-02-02> patch level 5
L3 programming layer <2020-06-18>
(C:\Users\pablo\AppData\Local\Programs\MiKTeX\tex/latex/base\article.cls
Document Class: article 2019/12/20 v1.4l Standard LaTeX document class
(C:\Users\pablo\AppData\Local\Programs\MiKTeX\tex/latex/base\size10.clo
File: size10.clo 2019/12/20 v1.4l Standard LaTeX file (size option)
)
\c@part=\count167
\c@section=\count168
\c@subsection=\count169
\c@subsubsection=\count170
\c@paragraph=\count171
\c@subparagraph=\count172
\c@figure=\count173
\c@table=\count174
\abovecaptionskip=\skip47
\belowcaptionskip=\skip48
\bibindent=\dimen134
)
(C:\Users\pablo\AppData\Local\Programs\MiKTeX\tex/latex/comment\comment.sty
\CommentStream=\write3

Excluding comment 'comment')
(C:\Users\pablo\AppData\Local\Programs\MiKTeX\tex/latex/geometry\geometry.sty
Package: geometry 2020/01/02 v5.9 Page Geometry

(C:\Users\pablo\AppData\Local\Programs\MiKTeX\tex/latex/graphics\keyval.sty
Package: keyval 2014/10/28 v1.15 key=value parser (DPC)
\KV@toks@=\toks15
)
(C:\Users\pablo\AppData\Local\Programs\MiKTeX\tex/generic/iftex\ifvtex.sty
Package: ifvtex 2019/10/25 v1.7 ifvtex legacy package. Use iftex instead.

(C:\Users\pablo\AppData\Local\Programs\MiKTeX\tex/generic/iftex\iftex.sty
Package: iftex 2020/03/06 v1.0d TeX engine tests
))
\Gm@cnth=\count175
\Gm@cntv=\count176
\c@Gm@tempcnt=\count177
\Gm@bindingoffset=\dimen135
\Gm@wd@mp=\dimen136
\Gm@odd@mp=\dimen137
\Gm@even@mp=\dimen138
\Gm@layoutwidth=\dimen139
\Gm@layoutheight=\dimen140
\Gm@layouthoffset=\dimen141
\Gm@layoutvoffset=\dimen142
\Gm@dimlist=\toks16

(C:\Users\pablo\AppData\Local\Programs\MiKTeX\tex/latex/geometry\geometry.cfg))
(C:\Users\pablo\AppData\Local\Programs\MiKTeX\tex/latex/base\inputenc.sty
Package: inputenc 2018/08/11 v1.3c Input encoding file
\inpenc@prehook=\toks17
\inpenc@posthook=\toks18
)
(C:\Users\pablo\AppData\Local\Programs\MiKTeX\tex/generic/babel\babel.sty
Package: babel 2020/06/10 3.45 The Babel package

(C:\Users\pablo\AppData\Local\Programs\MiKTeX\tex/generic/babel\babel.def
File: babel.def 2020/06/10 3.45 Babel common definitions
\babel@savecnt=\count178
\U@D=\dimen143
\l@babelnohyphens=\language79

(C:\Users\pablo\AppData\Local\Programs\MiKTeX\tex/generic/babel\txtbabel.def)
\bbl@readstream=\read2
)
\bbl@dirlevel=\count179

*************************************
* Local config file bblopts.cfg used
*
(C:\Users\pablo\AppData\Local\Programs\MiKTeX\tex/latex/arabi\bblopts.cfg
File: bblopts.cfg 2005/09/08 v0.1 add Arabic and Farsi to "declared" options of
 babel
)
(C:\Users\pablo\AppData\Local\Programs\MiKTeX\tex/latex/babel-spanish\spanish.l
df
Language: spanish.ldf 2016/03/03 v5.0p Spanish support from the babel system
\es@quottoks=\toks19
\es@quotdepth=\count180
Package babel Info: Making " an active character on input line 561.
Package babel Info: Making . an active character on input line 662.
Package babel Info: Making < an active character on input line 707.
Package babel Info: Making > an active character on input line 707.
))
(C:\Users\pablo\AppData\Local\Programs\MiKTeX\tex/latex/fancyhdr\fancyhdr.sty
Package: fancyhdr 2019/01/31 v3.10 Extensive control of page headers and footer
s
\f@nch@headwidth=\skip49
\f@nch@O@elh=\skip50
\f@nch@O@erh=\skip51
\f@nch@O@olh=\skip52
\f@nch@O@orh=\skip53
\f@nch@O@elf=\skip54
\f@nch@O@erf=\skip55
\f@nch@O@olf=\skip56
\f@nch@O@orf=\skip57
)
(C:\Users\pablo\AppData\Local\Programs\MiKTeX\tex/latex/amsmath\amsmath.sty
Package: amsmath 2020/01/20 v2.17e AMS math features
\@mathmargin=\skip58

For additional information on amsmath, use the `?' option.
(C:\Users\pablo\AppData\Local\Programs\MiKTeX\tex/latex/amsmath\amstext.sty
Package: amstext 2000/06/29 v2.01 AMS text

(C:\Users\pablo\AppData\Local\Programs\MiKTeX\tex/latex/amsmath\amsgen.sty
File: amsgen.sty 1999/11/30 v2.0 generic functions
\@emptytoks=\toks20
\ex@=\dimen144
))
(C:\Users\pablo\AppData\Local\Programs\MiKTeX\tex/latex/amsmath\amsbsy.sty
Package: amsbsy 1999/11/29 v1.2d Bold Symbols
\pmbraise@=\dimen145
)
(C:\Users\pablo\AppData\Local\Programs\MiKTeX\tex/latex/amsmath\amsopn.sty
Package: amsopn 2016/03/08 v2.02 operator names
)
\inf@bad=\count181
LaTeX Info: Redefining \frac on input line 227.
\uproot@=\count182
\leftroot@=\count183
LaTeX Info: Redefining \overline on input line 389.
\classnum@=\count184
\DOTSCASE@=\count185
LaTeX Info: Redefining \ldots on input line 486.
LaTeX Info: Redefining \dots on input line 489.
LaTeX Info: Redefining \cdots on input line 610.
\Mathstrutbox@=\box45
\strutbox@=\box46
\big@size=\dimen146
LaTeX Font Info:    Redeclaring font encoding OML on input line 733.
LaTeX Font Info:    Redeclaring font encoding OMS on input line 734.
\macc@depth=\count186
\c@MaxMatrixCols=\count187
\dotsspace@=\muskip16
\c@parentequation=\count188
\dspbrk@lvl=\count189
\tag@help=\toks21
\row@=\count190
\column@=\count191
\maxfields@=\count192
\andhelp@=\toks22
\eqnshift@=\dimen147
\alignsep@=\dimen148
\tagshift@=\dimen149
\tagwidth@=\dimen150
\totwidth@=\dimen151
\lineht@=\dimen152
\@envbody=\toks23
\multlinegap=\skip59
\multlinetaggap=\skip60
\mathdisplay@stack=\toks24
LaTeX Info: Redefining \[ on input line 2859.
LaTeX Info: Redefining \] on input line 2860.
)
(C:\Users\pablo\AppData\Local\Programs\MiKTeX\tex/latex/amsfonts\amsfonts.sty
Package: amsfonts 2013/01/14 v3.01 Basic AMSFonts support
\symAMSa=\mathgroup4
\symAMSb=\mathgroup5
LaTeX Font Info:    Redeclaring math symbol \hbar on input line 98.
LaTeX Font Info:    Overwriting math alphabet `\mathfrak' in version `bold'
(Font)                  U/euf/m/n --> U/euf/b/n on input line 106.
)
(C:\Users\pablo\AppData\Local\Programs\MiKTeX\tex/latex/amsfonts\amssymb.sty
Package: amssymb 2013/01/14 v3.01 AMS font symbols
)
(C:\Users\pablo\AppData\Local\Programs\MiKTeX\tex/latex/mathtools\mathtools.sty
Package: mathtools 2020/03/24 v1.24 mathematical typesetting tools
(C:\Users\pablo\AppData\Local\Programs\MiKTeX\tex/latex/tools\calc.sty
Package: calc 2017/05/25 v4.3 Infix arithmetic (KKT,FJ)
\calc@Acount=\count193
\calc@Bcount=\count194
\calc@Adimen=\dimen153
\calc@Bdimen=\dimen154
\calc@Askip=\skip61
\calc@Bskip=\skip62
LaTeX Info: Redefining \setlength on input line 80.
LaTeX Info: Redefining \addtolength on input line 81.
\calc@Ccount=\count195
\calc@Cskip=\skip63
)
(C:\Users\pablo\AppData\Local\Programs\MiKTeX\tex/latex/mathtools\mhsetup.sty
Package: mhsetup 2017/03/31 v1.3 programming setup (MH)
)
LaTeX Info: Thecontrolsequence`\('isalreadyrobust on input line 130.
LaTeX Info: Thecontrolsequence`\)'isalreadyrobust on input line 130.
LaTeX Info: Thecontrolsequence`\['isalreadyrobust on input line 130.
LaTeX Info: Thecontrolsequence`\]'isalreadyrobust on input line 130.
\g_MT_multlinerow_int=\count196
\l_MT_multwidth_dim=\dimen155
\origjot=\skip64
\l_MT_shortvdotswithinadjustabove_dim=\dimen156
\l_MT_shortvdotswithinadjustbelow_dim=\dimen157
\l_MT_above_intertext_sep=\dimen158
\l_MT_below_intertext_sep=\dimen159
\l_MT_above_shortintertext_sep=\dimen160
\l_MT_below_shortintertext_sep=\dimen161
\xmathstrut@box=\box47
\xmathstrut@dim=\dimen162
) (C:\Users\pablo\AppData\Local\Programs\MiKTeX\tex/latex/multirow\multirow.sty
Package: multirow 2019/05/31 v2.5 Span multiple rows of a table
\multirow@colwidth=\skip65
\multirow@cntb=\count197
\multirow@dima=\skip66
\bigstrutjot=\dimen163
) (C:\Users\pablo\AppData\Local\Programs\MiKTeX\tex/latex/tools\multicol.sty
Package: multicol 2019/12/09 v1.8y multicolumn formatting (FMi)
\c@tracingmulticols=\count198
\mult@box=\box48
\multicol@leftmargin=\dimen164
\c@unbalance=\count199
\c@collectmore=\count266
\doublecol@number=\count267
\multicoltolerance=\count268
\multicolpretolerance=\count269
\full@width=\dimen165
\page@free=\dimen166
\premulticols=\dimen167
\postmulticols=\dimen168
\multicolsep=\skip67
\multicolbaselineskip=\skip68
\partial@page=\box49
\last@line=\box50
\maxbalancingoverflow=\dimen169
\mult@rightbox=\box51
\mult@grightbox=\box52
\mult@gfirstbox=\box53
\mult@firstbox=\box54
\@tempa=\box55
\@tempa=\box56
\@tempa=\box57
\@tempa=\box58
\@tempa=\box59
\@tempa=\box60
\@tempa=\box61
\@tempa=\box62
\@tempa=\box63
\@tempa=\box64
\@tempa=\box65
\@tempa=\box66
\@tempa=\box67
\@tempa=\box68
\@tempa=\box69
\@tempa=\box70
\@tempa=\box71
\@tempa=\box72
\@tempa=\box73
\@tempa=\box74
\@tempa=\box75
\@tempa=\box76
\@tempa=\box77
\@tempa=\box78
\@tempa=\box79
\@tempa=\box80
\@tempa=\box81
\@tempa=\box82
\@tempa=\box83
\@tempa=\box84
\@tempa=\box85
\@tempa=\box86
\@tempa=\box87
\@tempa=\box88
\@tempa=\box89
\@tempa=\box90
\@tempa=\box91
\c@minrows=\count270
\c@columnbadness=\count271
\c@finalcolumnbadness=\count272
\last@try=\dimen170
\multicolovershoot=\dimen171
\multicolundershoot=\dimen172
\mult@nat@firstbox=\box92
\colbreak@box=\box93
\mc@col@check@num=\count273
)
(C:\Users\pablo\AppData\Local\Programs\MiKTeX\tex/latex/graphics\graphicx.sty
Package: graphicx 2019/11/30 v1.2a Enhanced LaTeX Graphics (DPC,SPQR)

(C:\Users\pablo\AppData\Local\Programs\MiKTeX\tex/latex/graphics\graphics.sty
Package: graphics 2019/11/30 v1.4a Standard LaTeX Graphics (DPC,SPQR)

(C:\Users\pablo\AppData\Local\Programs\MiKTeX\tex/latex/graphics\trig.sty
Package: trig 2016/01/03 v1.10 sin cos tan (DPC)
)
(C:\Users\pablo\AppData\Local\Programs\MiKTeX\tex/latex/graphics-cfg\graphics.c
fg
File: graphics.cfg 2016/06/04 v1.11 sample graphics configuration
)
Package graphics Info: Driver file: pdftex.def on input line 105.

(C:\Users\pablo\AppData\Local\Programs\MiKTeX\tex/latex/graphics-def\pdftex.def
File: pdftex.def 2018/01/08 v1.0l Graphics/color driver for pdftex
))
\Gin@req@height=\dimen173
\Gin@req@width=\dimen174
) (C:\Users\pablo\AppData\Local\Programs\MiKTeX\tex/latex/tools\hhline.sty
Package: hhline 2020/01/04 v2.04 Table rule package (DPC)
)
(C:\Users\pablo\AppData\Local\Programs\MiKTeX\tex/latex/hyperref\hyperref.sty
Package: hyperref 2020-05-15 v7.00e Hypertext links for LaTeX

(C:\Users\pablo\AppData\Local\Programs\MiKTeX\tex/generic/ltxcmds\ltxcmds.sty
Package: ltxcmds 2019/12/15 v1.24 LaTeX kernel commands for general use (HO)
)
(C:\Users\pablo\AppData\Local\Programs\MiKTeX\tex/generic/pdftexcmds\pdftexcmds
.sty
Package: pdftexcmds 2020-06-27 v0.33 Utility functions of pdfTeX for LuaTeX (HO
)

(C:\Users\pablo\AppData\Local\Programs\MiKTeX\tex/generic/infwarerr\infwarerr.s
ty
Package: infwarerr 2019/12/03 v1.5 Providing info/warning/error messages (HO)
)
Package pdftexcmds Info: \pdf@primitive is available.
Package pdftexcmds Info: \pdf@ifprimitive is available.
Package pdftexcmds Info: \pdfdraftmode found.
)
(C:\Users\pablo\AppData\Local\Programs\MiKTeX\tex/generic/kvsetkeys\kvsetkeys.s
ty
Package: kvsetkeys 2019/12/15 v1.18 Key value parser (HO)
)
(C:\Users\pablo\AppData\Local\Programs\MiKTeX\tex/generic/kvdefinekeys\kvdefine
keys.sty
Package: kvdefinekeys 2019-12-19 v1.6 Define keys (HO)
)
(C:\Users\pablo\AppData\Local\Programs\MiKTeX\tex/generic/pdfescape\pdfescape.s
ty
Package: pdfescape 2019/12/09 v1.15 Implements pdfTeX's escape features (HO)
) (C:\Users\pablo\AppData\Local\Programs\MiKTeX\tex/latex/hycolor\hycolor.sty
Package: hycolor 2020-01-27 v1.10 Color options for hyperref/bookmark (HO)
)
(C:\Users\pablo\AppData\Local\Programs\MiKTeX\tex/latex/letltxmacro\letltxmacro
.sty
Package: letltxmacro 2019/12/03 v1.6 Let assignment for LaTeX macros (HO)
)
(C:\Users\pablo\AppData\Local\Programs\MiKTeX\tex/latex/auxhook\auxhook.sty
Package: auxhook 2019-12-17 v1.6 Hooks for auxiliary files (HO)
)
(C:\Users\pablo\AppData\Local\Programs\MiKTeX\tex/latex/kvoptions\kvoptions.sty
Package: kvoptions 2019/11/29 v3.13 Key value format for package options (HO)
)
\@linkdim=\dimen175
\Hy@linkcounter=\count274
\Hy@pagecounter=\count275
 (C:\Users\pablo\AppData\Local\Programs\MiKTeX\tex/latex/hyperref\pd1enc.def
File: pd1enc.def 2020-05-15 v7.00e Hyperref: PDFDocEncoding definition (HO)
Now handling font encoding PD1 ...
... no UTF-8 mapping file for font encoding PD1
)
(C:\Users\pablo\AppData\Local\Programs\MiKTeX\tex/generic/intcalc\intcalc.sty
Package: intcalc 2019/12/15 v1.3 Expandable calculations with integers (HO)
)
(C:\Users\pablo\AppData\Local\Programs\MiKTeX\tex/generic/etexcmds\etexcmds.sty
Package: etexcmds 2019/12/15 v1.7 Avoid name clashes with e-TeX commands (HO)
)
\Hy@SavedSpaceFactor=\count276
Package hyperref Info: Hyper figures OFF on input line 4464.
Package hyperref Info: Link nesting OFF on input line 4469.
Package hyperref Info: Hyper index ON on input line 4472.
Package hyperref Info: Plain pages OFF on input line 4479.
Package hyperref Info: Backreferencing OFF on input line 4484.
Package hyperref Info: Implicit mode ON; LaTeX internals redefined.
Package hyperref Info: Bookmarks ON on input line 4717.
\c@Hy@tempcnt=\count277
 (C:\Users\pablo\AppData\Local\Programs\MiKTeX\tex/latex/url\url.sty
\Urlmuskip=\muskip17
Package: url 2013/09/16  ver 3.4  Verb mode for urls, etc.
)
LaTeX Info: Redefining \url on input line 5076.
\XeTeXLinkMargin=\dimen176

(C:\Users\pablo\AppData\Local\Programs\MiKTeX\tex/generic/bitset\bitset.sty
Package: bitset 2019/12/09 v1.3 Handle bit-vector datatype (HO)

(C:\Users\pablo\AppData\Local\Programs\MiKTeX\tex/generic/bigintcalc\bigintcalc
.sty
Package: bigintcalc 2019/12/15 v1.5 Expandable calculations on big integers (HO
)
))
\Fld@menulength=\count278
\Field@Width=\dimen177
\Fld@charsize=\dimen178
Package hyperref Info: Hyper figures OFF on input line 6347.
Package hyperref Info: Link nesting OFF on input line 6352.
Package hyperref Info: Hyper index ON on input line 6355.
Package hyperref Info: backreferencing OFF on input line 6362.
Package hyperref Info: Link coloring OFF on input line 6367.
Package hyperref Info: Link coloring with OCG OFF on input line 6372.
Package hyperref Info: PDF/A mode OFF on input line 6377.
LaTeX Info: Redefining \ref on input line 6417.
LaTeX Info: Redefining \pageref on input line 6421.

(C:\Users\pablo\AppData\Local\Programs\MiKTeX\tex/generic/atbegshi\atbegshi.sty
Package: atbegshi 2019/12/05 v1.19 At begin shipout hook (HO)
)
\Hy@abspage=\count279
\c@Item=\count280
\c@Hfootnote=\count281
)
Package hyperref Info: Driver (autodetected): hpdftex.
 (C:\Users\pablo\AppData\Local\Programs\MiKTeX\tex/latex/hyperref\hpdftex.def
File: hpdftex.def 2020-05-15 v7.00e Hyperref driver for pdfTeX

(C:\Users\pablo\AppData\Local\Programs\MiKTeX\tex/latex/atveryend\atveryend.sty
Package: atveryend 2019-12-11 v1.11 Hooks at the very end of document (HO)
Package atveryend Info: \enddocument detected (standard20110627).
)
\Fld@listcount=\count282
\c@bookmark@seq@number=\count283

(C:\Users\pablo\AppData\Local\Programs\MiKTeX\tex/latex/rerunfilecheck\rerunfil
echeck.sty
Package: rerunfilecheck 2019/12/05 v1.9 Rerun checks for auxiliary files (HO)

(C:\Users\pablo\AppData\Local\Programs\MiKTeX\tex/generic/uniquecounter\uniquec
ounter.sty
Package: uniquecounter 2019/12/15 v1.4 Provide unlimited unique counter (HO)
)
Package uniquecounter Info: New unique counter `rerunfilecheck' on input line 2
86.
)
\Hy@SectionHShift=\skip69
)
(C:\Users\pablo\AppData\Local\Programs\MiKTeX\tex/latex/caption\caption.sty
Package: caption 2020/05/30 v3.4k Customizing captions (AR)

(C:\Users\pablo\AppData\Local\Programs\MiKTeX\tex/latex/caption\caption3.sty
Package: caption3 2020/07/20 v1.12b caption3 kernel (AR)
Package caption3 Info: TeX engine: e-TeX on input line 61.
\captionmargin=\dimen179
\captionmargin@=\dimen180
\captionwidth=\dimen181
\caption@tempdima=\dimen182
\caption@indent=\dimen183
\caption@parindent=\dimen184
\caption@hangindent=\dimen185
Package caption Info: Standard document class detected.
)
\c@caption@flags=\count284
\c@continuedfloat=\count285
Package caption Info: hyperref package is loaded.
)
(C:\Users\pablo\AppData\Local\Programs\MiKTeX\tex/latex/float\float.sty
Package: float 2001/11/08 v1.3d Float enhancements (AL)
\c@float@type=\count286
\float@exts=\toks25
\float@box=\box94
\@float@everytoks=\toks26
\@floatcapt=\box95
)
(C:\Users\pablo\AppData\Local\Programs\MiKTeX\tex/latex/was\gensymb.sty
Package: gensymb 2003/07/02 v1.0 (WaS)
)
(C:\Users\pablo\AppData\Local\Programs\MiKTeX\tex/latex/circuitikz\circuitikz.s
ty
Package: circuitikz 2020/08/07{} The CircuiTikz circuit drawing package version
 1.2.3

(C:\Users\pablo\AppData\Local\Programs\MiKTeX\tex/latex/pgf/frontendlayer\tikz.
sty
(C:\Users\pablo\AppData\Local\Programs\MiKTeX\tex/latex/pgf/basiclayer\pgf.sty
(C:\Users\pablo\AppData\Local\Programs\MiKTeX\tex/latex/pgf/utilities\pgfrcs.st
y
(C:\Users\pablo\AppData\Local\Programs\MiKTeX\tex/generic/pgf/utilities\pgfutil
-common.tex
\pgfutil@everybye=\toks27
\pgfutil@tempdima=\dimen186
\pgfutil@tempdimb=\dimen187

(C:\Users\pablo\AppData\Local\Programs\MiKTeX\tex/generic/pgf/utilities\pgfutil
-common-lists.tex))
(C:\Users\pablo\AppData\Local\Programs\MiKTeX\tex/generic/pgf/utilities\pgfutil
-latex.def
\pgfutil@abb=\box96

(C:\Users\pablo\AppData\Local\Programs\MiKTeX\tex/latex/ms\everyshi.sty
Package: everyshi 2001/05/15 v3.00 EveryShipout Package (MS)
))
(C:\Users\pablo\AppData\Local\Programs\MiKTeX\tex/generic/pgf/utilities\pgfrcs.
code.tex
(C:\Users\pablo\AppData\Local\Programs\MiKTeX\tex/generic/pgf\pgf.revision.tex)
Package: pgfrcs 2020/01/08 v3.1.5b (3.1.5b)
))
Package: pgf 2020/01/08 v3.1.5b (3.1.5b)

(C:\Users\pablo\AppData\Local\Programs\MiKTeX\tex/latex/pgf/basiclayer\pgfcore.
sty
(C:\Users\pablo\AppData\Local\Programs\MiKTeX\tex/latex/pgf/systemlayer\pgfsys.
sty
(C:\Users\pablo\AppData\Local\Programs\MiKTeX\tex/generic/pgf/systemlayer\pgfsy
s.code.tex
Package: pgfsys 2020/01/08 v3.1.5b (3.1.5b)

(C:\Users\pablo\AppData\Local\Programs\MiKTeX\tex/generic/pgf/utilities\pgfkeys
.code.tex
\pgfkeys@pathtoks=\toks28
\pgfkeys@temptoks=\toks29

(C:\Users\pablo\AppData\Local\Programs\MiKTeX\tex/generic/pgf/utilities\pgfkeys
filtered.code.tex
\pgfkeys@tmptoks=\toks30
))
\pgf@x=\dimen188
\pgf@y=\dimen189
\pgf@xa=\dimen190
\pgf@ya=\dimen191
\pgf@xb=\dimen192
\pgf@yb=\dimen193
\pgf@xc=\dimen194
\pgf@yc=\dimen195
\pgf@xd=\dimen196
\pgf@yd=\dimen197
\w@pgf@writea=\write4
\r@pgf@reada=\read3
\c@pgf@counta=\count287
\c@pgf@countb=\count288
\c@pgf@countc=\count289
\c@pgf@countd=\count290
\t@pgf@toka=\toks31
\t@pgf@tokb=\toks32
\t@pgf@tokc=\toks33
\pgf@sys@id@count=\count291

(C:\Users\pablo\AppData\Local\Programs\MiKTeX\tex/generic/pgf/systemlayer\pgf.c
fg
File: pgf.cfg 2020/01/08 v3.1.5b (3.1.5b)
)
Driver file for pgf: pgfsys-pdftex.def

(C:\Users\pablo\AppData\Local\Programs\MiKTeX\tex/generic/pgf/systemlayer\pgfsy
s-pdftex.def
File: pgfsys-pdftex.def 2020/01/08 v3.1.5b (3.1.5b)

(C:\Users\pablo\AppData\Local\Programs\MiKTeX\tex/generic/pgf/systemlayer\pgfsy
s-common-pdf.def
File: pgfsys-common-pdf.def 2020/01/08 v3.1.5b (3.1.5b)
)))
(C:\Users\pablo\AppData\Local\Programs\MiKTeX\tex/generic/pgf/systemlayer\pgfsy
ssoftpath.code.tex
File: pgfsyssoftpath.code.tex 2020/01/08 v3.1.5b (3.1.5b)
\pgfsyssoftpath@smallbuffer@items=\count292
\pgfsyssoftpath@bigbuffer@items=\count293
)
(C:\Users\pablo\AppData\Local\Programs\MiKTeX\tex/generic/pgf/systemlayer\pgfsy
sprotocol.code.tex
File: pgfsysprotocol.code.tex 2020/01/08 v3.1.5b (3.1.5b)
))
(C:\Users\pablo\AppData\Local\Programs\MiKTeX\tex/latex/xcolor\xcolor.sty
Package: xcolor 2016/05/11 v2.12 LaTeX color extensions (UK)

(C:\Users\pablo\AppData\Local\Programs\MiKTeX\tex/latex/graphics-cfg\color.cfg
File: color.cfg 2016/01/02 v1.6 sample color configuration
)
Package xcolor Info: Driver file: pdftex.def on input line 225.
Package xcolor Info: Model `cmy' substituted by `cmy0' on input line 1348.
Package xcolor Info: Model `hsb' substituted by `rgb' on input line 1352.
Package xcolor Info: Model `RGB' extended on input line 1364.
Package xcolor Info: Model `HTML' substituted by `rgb' on input line 1366.
Package xcolor Info: Model `Hsb' substituted by `hsb' on input line 1367.
Package xcolor Info: Model `tHsb' substituted by `hsb' on input line 1368.
Package xcolor Info: Model `HSB' substituted by `hsb' on input line 1369.
Package xcolor Info: Model `Gray' substituted by `gray' on input line 1370.
Package xcolor Info: Model `wave' substituted by `hsb' on input line 1371.
)
(C:\Users\pablo\AppData\Local\Programs\MiKTeX\tex/generic/pgf/basiclayer\pgfcor
e.code.tex
Package: pgfcore 2020/01/08 v3.1.5b (3.1.5b)

(C:\Users\pablo\AppData\Local\Programs\MiKTeX\tex/generic/pgf/math\pgfmath.code
.tex
(C:\Users\pablo\AppData\Local\Programs\MiKTeX\tex/generic/pgf/math\pgfmathcalc.
code.tex
(C:\Users\pablo\AppData\Local\Programs\MiKTeX\tex/generic/pgf/math\pgfmathutil.
code.tex)
(C:\Users\pablo\AppData\Local\Programs\MiKTeX\tex/generic/pgf/math\pgfmathparse
r.code.tex
\pgfmath@dimen=\dimen198
\pgfmath@count=\count294
\pgfmath@box=\box97
\pgfmath@toks=\toks34
\pgfmath@stack@operand=\toks35
\pgfmath@stack@operation=\toks36
)
(C:\Users\pablo\AppData\Local\Programs\MiKTeX\tex/generic/pgf/math\pgfmathfunct
ions.code.tex
(C:\Users\pablo\AppData\Local\Programs\MiKTeX\tex/generic/pgf/math\pgfmathfunct
ions.basic.code.tex)
(C:\Users\pablo\AppData\Local\Programs\MiKTeX\tex/generic/pgf/math\pgfmathfunct
ions.trigonometric.code.tex)
(C:\Users\pablo\AppData\Local\Programs\MiKTeX\tex/generic/pgf/math\pgfmathfunct
ions.random.code.tex)
(C:\Users\pablo\AppData\Local\Programs\MiKTeX\tex/generic/pgf/math\pgfmathfunct
ions.comparison.code.tex)
(C:\Users\pablo\AppData\Local\Programs\MiKTeX\tex/generic/pgf/math\pgfmathfunct
ions.base.code.tex)
(C:\Users\pablo\AppData\Local\Programs\MiKTeX\tex/generic/pgf/math\pgfmathfunct
ions.round.code.tex)
(C:\Users\pablo\AppData\Local\Programs\MiKTeX\tex/generic/pgf/math\pgfmathfunct
ions.misc.code.tex)
(C:\Users\pablo\AppData\Local\Programs\MiKTeX\tex/generic/pgf/math\pgfmathfunct
ions.integerarithmetics.code.tex)))
(C:\Users\pablo\AppData\Local\Programs\MiKTeX\tex/generic/pgf/math\pgfmathfloat
.code.tex
\c@pgfmathroundto@lastzeros=\count295
))
(C:\Users\pablo\AppData\Local\Programs\MiKTeX\tex/generic/pgf/math\pgfint.code.
tex)
(C:\Users\pablo\AppData\Local\Programs\MiKTeX\tex/generic/pgf/basiclayer\pgfcor
epoints.code.tex
File: pgfcorepoints.code.tex 2020/01/08 v3.1.5b (3.1.5b)
\pgf@picminx=\dimen199
\pgf@picmaxx=\dimen256
\pgf@picminy=\dimen257
\pgf@picmaxy=\dimen258
\pgf@pathminx=\dimen259
\pgf@pathmaxx=\dimen260
\pgf@pathminy=\dimen261
\pgf@pathmaxy=\dimen262
\pgf@xx=\dimen263
\pgf@xy=\dimen264
\pgf@yx=\dimen265
\pgf@yy=\dimen266
\pgf@zx=\dimen267
\pgf@zy=\dimen268
)
(C:\Users\pablo\AppData\Local\Programs\MiKTeX\tex/generic/pgf/basiclayer\pgfcor
epathconstruct.code.tex
File: pgfcorepathconstruct.code.tex 2020/01/08 v3.1.5b (3.1.5b)
\pgf@path@lastx=\dimen269
\pgf@path@lasty=\dimen270
)
(C:\Users\pablo\AppData\Local\Programs\MiKTeX\tex/generic/pgf/basiclayer\pgfcor
epathusage.code.tex
File: pgfcorepathusage.code.tex 2020/01/08 v3.1.5b (3.1.5b)
\pgf@shorten@end@additional=\dimen271
\pgf@shorten@start@additional=\dimen272
)
(C:\Users\pablo\AppData\Local\Programs\MiKTeX\tex/generic/pgf/basiclayer\pgfcor
escopes.code.tex
File: pgfcorescopes.code.tex 2020/01/08 v3.1.5b (3.1.5b)
\pgfpic=\box98
\pgf@hbox=\box99
\pgf@layerbox@main=\box100
\pgf@picture@serial@count=\count296
)
(C:\Users\pablo\AppData\Local\Programs\MiKTeX\tex/generic/pgf/basiclayer\pgfcor
egraphicstate.code.tex
File: pgfcoregraphicstate.code.tex 2020/01/08 v3.1.5b (3.1.5b)
\pgflinewidth=\dimen273
)
(C:\Users\pablo\AppData\Local\Programs\MiKTeX\tex/generic/pgf/basiclayer\pgfcor
etransformations.code.tex
File: pgfcoretransformations.code.tex 2020/01/08 v3.1.5b (3.1.5b)
\pgf@pt@x=\dimen274
\pgf@pt@y=\dimen275
\pgf@pt@temp=\dimen276
)
(C:\Users\pablo\AppData\Local\Programs\MiKTeX\tex/generic/pgf/basiclayer\pgfcor
equick.code.tex
File: pgfcorequick.code.tex 2020/01/08 v3.1.5b (3.1.5b)
)
(C:\Users\pablo\AppData\Local\Programs\MiKTeX\tex/generic/pgf/basiclayer\pgfcor
eobjects.code.tex
File: pgfcoreobjects.code.tex 2020/01/08 v3.1.5b (3.1.5b)
)
(C:\Users\pablo\AppData\Local\Programs\MiKTeX\tex/generic/pgf/basiclayer\pgfcor
epathprocessing.code.tex
File: pgfcorepathprocessing.code.tex 2020/01/08 v3.1.5b (3.1.5b)
)
(C:\Users\pablo\AppData\Local\Programs\MiKTeX\tex/generic/pgf/basiclayer\pgfcor
earrows.code.tex
File: pgfcorearrows.code.tex 2020/01/08 v3.1.5b (3.1.5b)
\pgfarrowsep=\dimen277
)
(C:\Users\pablo\AppData\Local\Programs\MiKTeX\tex/generic/pgf/basiclayer\pgfcor
eshade.code.tex
File: pgfcoreshade.code.tex 2020/01/08 v3.1.5b (3.1.5b)
\pgf@max=\dimen278
\pgf@sys@shading@range@num=\count297
\pgf@shadingcount=\count298
)
(C:\Users\pablo\AppData\Local\Programs\MiKTeX\tex/generic/pgf/basiclayer\pgfcor
eimage.code.tex
File: pgfcoreimage.code.tex 2020/01/08 v3.1.5b (3.1.5b)

(C:\Users\pablo\AppData\Local\Programs\MiKTeX\tex/generic/pgf/basiclayer\pgfcor
eexternal.code.tex
File: pgfcoreexternal.code.tex 2020/01/08 v3.1.5b (3.1.5b)
\pgfexternal@startupbox=\box101
))
(C:\Users\pablo\AppData\Local\Programs\MiKTeX\tex/generic/pgf/basiclayer\pgfcor
elayers.code.tex
File: pgfcorelayers.code.tex 2020/01/08 v3.1.5b (3.1.5b)
)
(C:\Users\pablo\AppData\Local\Programs\MiKTeX\tex/generic/pgf/basiclayer\pgfcor
etransparency.code.tex
File: pgfcoretransparency.code.tex 2020/01/08 v3.1.5b (3.1.5b)
)
(C:\Users\pablo\AppData\Local\Programs\MiKTeX\tex/generic/pgf/basiclayer\pgfcor
epatterns.code.tex
File: pgfcorepatterns.code.tex 2020/01/08 v3.1.5b (3.1.5b)
)
(C:\Users\pablo\AppData\Local\Programs\MiKTeX\tex/generic/pgf/basiclayer\pgfcor
erdf.code.tex
File: pgfcorerdf.code.tex 2020/01/08 v3.1.5b (3.1.5b)
)))
(C:\Users\pablo\AppData\Local\Programs\MiKTeX\tex/generic/pgf/modules\pgfmodule
shapes.code.tex
File: pgfmoduleshapes.code.tex 2020/01/08 v3.1.5b (3.1.5b)
\pgfnodeparttextbox=\box102
)
(C:\Users\pablo\AppData\Local\Programs\MiKTeX\tex/generic/pgf/modules\pgfmodule
plot.code.tex
File: pgfmoduleplot.code.tex 2020/01/08 v3.1.5b (3.1.5b)
)
(C:\Users\pablo\AppData\Local\Programs\MiKTeX\tex/latex/pgf/compatibility\pgfco
mp-version-0-65.sty
Package: pgfcomp-version-0-65 2020/01/08 v3.1.5b (3.1.5b)
\pgf@nodesepstart=\dimen279
\pgf@nodesepend=\dimen280
)
(C:\Users\pablo\AppData\Local\Programs\MiKTeX\tex/latex/pgf/compatibility\pgfco
mp-version-1-18.sty
Package: pgfcomp-version-1-18 2020/01/08 v3.1.5b (3.1.5b)
))
(C:\Users\pablo\AppData\Local\Programs\MiKTeX\tex/latex/pgf/utilities\pgffor.st
y
(C:\Users\pablo\AppData\Local\Programs\MiKTeX\tex/latex/pgf/utilities\pgfkeys.s
ty
(C:\Users\pablo\AppData\Local\Programs\MiKTeX\tex/generic/pgf/utilities\pgfkeys
.code.tex))
(C:\Users\pablo\AppData\Local\Programs\MiKTeX\tex/latex/pgf/math\pgfmath.sty
(C:\Users\pablo\AppData\Local\Programs\MiKTeX\tex/generic/pgf/math\pgfmath.code
.tex))
(C:\Users\pablo\AppData\Local\Programs\MiKTeX\tex/generic/pgf/utilities\pgffor.
code.tex
Package: pgffor 2020/01/08 v3.1.5b (3.1.5b)

(C:\Users\pablo\AppData\Local\Programs\MiKTeX\tex/generic/pgf/math\pgfmath.code
.tex)
\pgffor@iter=\dimen281
\pgffor@skip=\dimen282
\pgffor@stack=\toks37
\pgffor@toks=\toks38
))
(C:\Users\pablo\AppData\Local\Programs\MiKTeX\tex/generic/pgf/frontendlayer/tik
z\tikz.code.tex
Package: tikz 2020/01/08 v3.1.5b (3.1.5b)

(C:\Users\pablo\AppData\Local\Programs\MiKTeX\tex/generic/pgf/libraries\pgflibr
aryplothandlers.code.tex
File: pgflibraryplothandlers.code.tex 2020/01/08 v3.1.5b (3.1.5b)
\pgf@plot@mark@count=\count299
\pgfplotmarksize=\dimen283
)
\tikz@lastx=\dimen284
\tikz@lasty=\dimen285
\tikz@lastxsaved=\dimen286
\tikz@lastysaved=\dimen287
\tikz@lastmovetox=\dimen288
\tikz@lastmovetoy=\dimen289
\tikzleveldistance=\dimen290
\tikzsiblingdistance=\dimen291
\tikz@figbox=\box103
\tikz@figbox@bg=\box104
\tikz@tempbox=\box105
\tikz@tempbox@bg=\box106
\tikztreelevel=\count300
\tikznumberofchildren=\count301
\tikznumberofcurrentchild=\count302
\tikz@fig@count=\count303

(C:\Users\pablo\AppData\Local\Programs\MiKTeX\tex/generic/pgf/modules\pgfmodule
matrix.code.tex
File: pgfmodulematrix.code.tex 2020/01/08 v3.1.5b (3.1.5b)
\pgfmatrixcurrentrow=\count304
\pgfmatrixcurrentcolumn=\count305
\pgf@matrix@numberofcolumns=\count306
)
\tikz@expandcount=\count307

(C:\Users\pablo\AppData\Local\Programs\MiKTeX\tex/generic/pgf/frontendlayer/tik
z/libraries\tikzlibrarytopaths.code.tex
File: tikzlibrarytopaths.code.tex 2020/01/08 v3.1.5b (3.1.5b)
)))
(C:\Users\pablo\AppData\Local\Programs\MiKTeX\tex/generic/pgf/frontendlayer/tik
z/libraries\tikzlibrarycalc.code.tex
File: tikzlibrarycalc.code.tex 2020/01/08 v3.1.5b (3.1.5b)
)
(C:\Users\pablo\AppData\Local\Programs\MiKTeX\tex/generic/pgf/libraries\pgflibr
aryarrows.meta.code.tex
File: pgflibraryarrows.meta.code.tex 2020/01/08 v3.1.5b (3.1.5b)
\pgfarrowinset=\dimen292
\pgfarrowlength=\dimen293
\pgfarrowwidth=\dimen294
\pgfarrowlinewidth=\dimen295
)
(C:\Users\pablo\AppData\Local\Programs\MiKTeX\tex/generic/pgf/frontendlayer/tik
z/libraries\tikzlibrarybending.code.tex
File: tikzlibrarybending.code.tex 2020/01/08 v3.1.5b (3.1.5b)

(C:\Users\pablo\AppData\Local\Programs\MiKTeX\tex/generic/pgf/modules\pgfmodule
bending.code.tex
File: pgfmodulebending.code.tex 2020/01/08 v3.1.5b (3.1.5b)

(C:\Users\pablo\AppData\Local\Programs\MiKTeX\tex/generic/pgf/modules\pgfmodule
nonlineartransformations.code.tex
File: pgfmodulenonlineartransformations.code.tex 2020/01/08 v3.1.5b (3.1.5b)
\pgftransformnonlinearflatness=\dimen296
)
(C:\Users\pablo\AppData\Local\Programs\MiKTeX\tex/generic/pgf/libraries\pgflibr
arycurvilinear.code.tex
File: pgflibrarycurvilinear.code.tex 2020/01/08 v3.1.5b (3.1.5b)
\pgf@curvilinear@time@a=\dimen297
\pgf@curvilinear@length@a=\dimen298
\pgf@curvilinear@length@b=\dimen299
\pgf@curvilinear@length@c=\dimen300
\pgf@curvilinear@length@d=\dimen301
)
\pgf@arrows@the@rigidity=\dimen302
))
(C:\Users\pablo\AppData\Local\Programs\MiKTeX\tex/generic/pgf/frontendlayer/tik
z/libraries\tikzlibraryfpu.code.tex
(C:\Users\pablo\AppData\Local\Programs\MiKTeX\tex/generic/pgf/libraries\pgflibr
aryfpu.code.tex))
(C:\Users\pablo\AppData\Local\Programs\MiKTeX\tex/generic/circuitikz\pgfcirc.de
fines.tex
\pgf@circ@count@a=\count308
\pgf@circ@count@b=\count309
\pgf@circ@count@c=\count310
\pgf@circ@res@up=\dimen303
\pgf@circ@res@down=\dimen304
\pgf@circ@res@zero=\dimen305
\pgf@circ@res@left=\dimen306
\pgf@circ@res@right=\dimen307
\pgf@circ@res@other=\dimen308
\pgf@circ@res@step=\dimen309
\pgf@circ@res@temp=\dimen310
\pgf@circ@Rlen=\dimen311
\pgf@circ@scaled@Rlen=\dimen312
\pgfstartlinewidth=\dimen313
)
(C:\Users\pablo\AppData\Local\Programs\MiKTeX\tex/generic/circuitikz\pgfcircuti
ls.tex)
(C:\Users\pablo\AppData\Local\Programs\MiKTeX\tex/generic/circuitikz\pgfcircsha
pes.tex)
(C:\Users\pablo\AppData\Local\Programs\MiKTeX\tex/generic/circuitikz\pgfcircmon
opoles.tex)
(C:\Users\pablo\AppData\Local\Programs\MiKTeX\tex/generic/circuitikz\pgfcircbip
oles.tex)
(C:\Users\pablo\AppData\Local\Programs\MiKTeX\tex/generic/circuitikz\pgfcirctri
poles.tex
\pgf@circ@res@count=\count311
)
(C:\Users\pablo\AppData\Local\Programs\MiKTeX\tex/generic/circuitikz\pgfcircqua
dpoles.tex)
(C:\Users\pablo\AppData\Local\Programs\MiKTeX\tex/generic/circuitikz\pgfcircmul
tipoles.tex)
(C:\Users\pablo\AppData\Local\Programs\MiKTeX\tex/generic/circuitikz\pgfcirclab
el.tex)
(C:\Users\pablo\AppData\Local\Programs\MiKTeX\tex/generic/circuitikz\pgfcircvol
tage.tex
\pgfcirc@labelshift=\dimen314
)
(C:\Users\pablo\AppData\Local\Programs\MiKTeX\tex/generic/circuitikz\pgfcirccur
rent.tex)
(C:\Users\pablo\AppData\Local\Programs\MiKTeX\tex/generic/circuitikz\pgfcircflo
w.tex)
(C:\Users\pablo\AppData\Local\Programs\MiKTeX\tex/generic/circuitikz\pgfcircpat
h.tex)
(C:\Users\pablo\AppData\Local\Programs\MiKTeX\tex/latex/xstring\xstring.sty
(C:\Users\pablo\AppData\Local\Programs\MiKTeX\tex/generic/xstring\xstring.tex
\integerpart=\count312
\decimalpart=\count313
)
Package: xstring 2019/02/06 v1.83 String manipulations (CT)
) (C:\Users\pablo\AppData\Local\Programs\MiKTeX\tex/latex/siunitx\siunitx.sty
(C:\Users\pablo\AppData\Local\Programs\MiKTeX\tex/latex/l3kernel\expl3.sty
Package: expl3 2020-06-18 L3 programming layer (loader) 

(C:\Users\pablo\AppData\Local\Programs\MiKTeX\tex/latex/l3backend\l3backend-pdf
mode.def
File: l3backend-pdfmode.def 2020-06-29 L3 backend support: PDF mode
\l__kernel_color_stack_int=\count314
\l__pdf_internal_box=\box107
))
(C:\Users\pablo\AppData\Local\Programs\MiKTeX\tex/latex/l3packages/xparse\xpars
e.sty
Package: xparse 2020-05-15 L3 Experimental document command parser

(C:\Users\pablo\AppData\Local\Programs\MiKTeX\tex/latex/l3packages/xparse\xpars
e-generic.tex
\l__xparse_current_arg_int=\count315
\g__xparse_grabber_int=\count316
\l__xparse_m_args_int=\count317
\l__xparse_v_nesting_int=\count318
))
Package: siunitx 2020/02/25 v2.8b A comprehensive (SI) units package

(C:\Users\pablo\AppData\Local\Programs\MiKTeX\tex/latex/tools\array.sty
Package: array 2019/08/31 v2.4l Tabular extension package (FMi)
\col@sep=\dimen315
\ar@mcellbox=\box108
\extrarowheight=\dimen316
\NC@list=\toks39
\extratabsurround=\skip70
\backup@length=\skip71
\ar@cellbox=\box109
)
(C:\Users\pablo\AppData\Local\Programs\MiKTeX\tex/latex/l3packages/l3keys2e\l3k
eys2e.sty
Package: l3keys2e 2020-05-15 LaTeX2e option processing using LaTeX3 keys
)
\l__siunitx_tmp_box=\box110
\l__siunitx_tmp_dim=\dimen317
\l__siunitx_tmp_int=\count319
\l__siunitx_number_mantissa_length_int=\count320
\l__siunitx_number_uncert_length_int=\count321
\l__siunitx_round_int=\count322
\l__siunitx_process_decimal_int=\count323
\l__siunitx_process_uncertainty_int=\count324
\l__siunitx_process_fixed_int=\count325
\l__siunitx_process_integer_min_int=\count326
\l__siunitx_process_precision_int=\count327
\l__siunitx_group_min_int=\count328
\l__siunitx_angle_marker_box=\box111
\l__siunitx_angle_unit_box=\box112
\l__siunitx_angle_marker_dim=\dimen318
\l__siunitx_angle_unit_dim=\dimen319
\l__siunitx_unit_int=\count329
\l__siunitx_unit_denominator_int=\count330
\l__siunitx_unit_numerator_int=\count331
\l__siunitx_unit_prefix_int=\count332
\l__siunitx_unit_prefix_base_int=\count333
\l__siunitx_unit_prefix_gram_int=\count334
\l__siunitx_number_product_int=\count335
\c__siunitx_one_fill_skip=\skip72
\l__siunitx_table_unit_align_skip=\skip73
\l__siunitx_table_exponent_dim=\dimen320
\l__siunitx_table_integer_dim=\dimen321
\l__siunitx_table_mantissa_dim=\dimen322
\l__siunitx_table_marker_dim=\dimen323
\l__siunitx_table_result_dim=\dimen324
\l__siunitx_table_uncert_dim=\dimen325
\l__siunitx_table_fill_pre_dim=\dimen326
\l__siunitx_table_fill_post_dim=\dimen327
\l__siunitx_table_fill_mid_dim=\dimen328
\l__siunitx_table_pre_box=\box113
\l__siunitx_table_post_box=\box114
\l__siunitx_table_mantissa_box=\box115
\l__siunitx_table_result_box=\box116
\l__siunitx_table_number_align_skip=\skip74
\l__siunitx_table_text_align_skip=\skip75

(C:\Users\pablo\AppData\Local\Programs\MiKTeX\tex/latex/translator\translator.s
ty
Package: translator 2020-08-03 v1.12c Easy translation of strings in LaTeX
))

Package circuitikz Warning: You did not specify one of the voltage directions:
(circuitikz)                  oldvoltagedirection, nooldvoltagedirection, 
(circuitikz)                  RPvoltages or EFvoltages 
(circuitikz)                Default directions may have changed, 
(circuitikz)                please check the manual.

)
(C:\Users\pablo\AppData\Local\Programs\MiKTeX\tex/latex/subfigure\subfigure.sty
Package: subfigure 2002/07/30 v2.1.4 subfigure package
\subfigtopskip=\skip76
\subfigcapskip=\skip77
\subfigcaptopadj=\dimen329
\subfigbottomskip=\skip78
\subfigcapmargin=\dimen330
\subfiglabelskip=\skip79
\c@subfigure=\count336
\c@lofdepth=\count337
\c@subtable=\count338
\c@lotdepth=\count339
****************************************
* Local config file subfigure.cfg used *
****************************************

(C:\Users\pablo\AppData\Local\Programs\MiKTeX\tex/latex/subfigure\subfigure.cfg
)
\subfig@top=\skip80
\subfig@bottom=\skip81
) (TpImagenes-Alejandro.aux
LaTeX Info: Redefining \. on input line 25.
LaTeX Info: Redefining \% on input line 25.
)
\openout1 = `TpImagenes-Alejandro.aux'.

LaTeX Font Info:    Checking defaults for OML/cmm/m/it on input line 47.
LaTeX Font Info:    ... okay on input line 47.
LaTeX Font Info:    Checking defaults for OMS/cmsy/m/n on input line 47.
LaTeX Font Info:    ... okay on input line 47.
LaTeX Font Info:    Checking defaults for OT1/cmr/m/n on input line 47.
LaTeX Font Info:    ... okay on input line 47.
LaTeX Font Info:    Checking defaults for T1/cmr/m/n on input line 47.
LaTeX Font Info:    ... okay on input line 47.
LaTeX Font Info:    Checking defaults for TS1/cmr/m/n on input line 47.
LaTeX Font Info:    ... okay on input line 47.
LaTeX Font Info:    Checking defaults for OMX/cmex/m/n on input line 47.
LaTeX Font Info:    ... okay on input line 47.
LaTeX Font Info:    Checking defaults for U/cmr/m/n on input line 47.
LaTeX Font Info:    ... okay on input line 47.
LaTeX Font Info:    Checking defaults for PD1/pdf/m/n on input line 47.
LaTeX Font Info:    ... okay on input line 47.

*geometry* driver: auto-detecting
*geometry* detected driver: pdftex
*geometry* verbose mode - [ preamble ] result:
* driver: pdftex
* paper: a4paper
* layout: <same size as paper>
* layoutoffset:(h,v)=(0.0pt,0.0pt)
* modes: 
* h-part:(L,W,R)=(56.9055pt, 483.69687pt, 56.9055pt)
* v-part:(T,H,B)=(85.35826pt, 674.33032pt, 85.35826pt)
* \paperwidth=597.50787pt
* \paperheight=845.04684pt
* \textwidth=483.69687pt
* \textheight=674.33032pt
* \oddsidemargin=-15.36449pt
* \evensidemargin=-15.36449pt
* \topmargin=-23.91173pt
* \headheight=12.0pt
* \headsep=25.0pt
* \topskip=10.0pt
* \footskip=30.0pt
* \marginparwidth=57.0pt
* \marginparsep=11.0pt
* \columnsep=10.0pt
* \skip\footins=9.0pt plus 4.0pt minus 2.0pt
* \hoffset=0.0pt
* \voffset=0.0pt
* \mag=1000
* \@twocolumnfalse
* \@twosidefalse
* \@mparswitchfalse
* \@reversemarginfalse
* (1in=72.27pt=25.4mm, 1cm=28.453pt)

LaTeX Info: Redefining \. on input line 47.
LaTeX Info: Redefining \% on input line 47.

(C:\Users\pablo\AppData\Local\Programs\MiKTeX\tex/context/base/mkii\supp-pdf.mk
ii
[Loading MPS to PDF converter (version 2006.09.02).]
\scratchcounter=\count340
\scratchdimen=\dimen331
\scratchbox=\box117
\nofMPsegments=\count341
\nofMParguments=\count342
\everyMPshowfont=\toks40
\MPscratchCnt=\count343
\MPscratchDim=\dimen332
\MPnumerator=\count344
\makeMPintoPDFobject=\count345
\everyMPtoPDFconversion=\toks41
)
(C:\Users\pablo\AppData\Local\Programs\MiKTeX\tex/latex/epstopdf-pkg\epstopdf-b
ase.sty
Package: epstopdf-base 2020-01-24 v2.11 Base part for package epstopdf
Package epstopdf-base Info: Redefining graphics rule for `.eps' on input line 4
85.
)
\AtBeginShipoutBox=\box118
Package hyperref Info: Link coloring OFF on input line 47.

(C:\Users\pablo\AppData\Local\Programs\MiKTeX\tex/latex/hyperref\nameref.sty
Package: nameref 2019/09/16 v2.46 Cross-referencing by name of section

(C:\Users\pablo\AppData\Local\Programs\MiKTeX\tex/latex/refcount\refcount.sty
Package: refcount 2019/12/15 v3.6 Data extraction from label references (HO)
)
(C:\Users\pablo\AppData\Local\Programs\MiKTeX\tex/generic/gettitlestring\gettit
lestring.sty
Package: gettitlestring 2019/12/15 v1.6 Cleanup title references (HO)
)
\c@section@level=\count346
)
LaTeX Info: Redefining \ref on input line 47.
LaTeX Info: Redefining \pageref on input line 47.
LaTeX Info: Redefining \nameref on input line 47.
 (TpImagenes-Alejandro.out) (TpImagenes-Alejandro.out)
\@outlinefile=\write5
\openout5 = `TpImagenes-Alejandro.out'.

Package caption Info: Begin \AtBeginDocument code.
Package caption Info: float package is loaded.
Package caption Info: subfigure package is loaded.
Package caption Info: End \AtBeginDocument code.
LaTeX Info: Redefining \celsius on input line 47.
Package gensymb Info: Faking symbols for \degree and \celsius on input line 47.



Package gensymb Warning: Not defining \perthousand.

LaTeX Info: Redefining \ohm on input line 47.
Package gensymb Info: Using \Omega for \ohm on input line 47.

Package gensymb Warning: Not defining \micro.

ABD: EveryShipout initializing macros
(C:\Users\pablo\AppData\Local\Programs\MiKTeX\tex/latex/translator\translator-b
asic-dictionary-English.dict
Dictionary: translator-basic-dictionary, Language: English 
)
(C:\Users\pablo\AppData\Local\Programs\MiKTeX\tex/latex/siunitx\siunitx-abbrevi
ations.cfg
File: siunitx-abbreviations.cfg 2017/11/26 v2.7k siunitx: Abbreviated units
)
LaTeX Font Info:    Trying to load font information for U+msa on input line 47.


(C:\Users\pablo\AppData\Local\Programs\MiKTeX\tex/latex/amsfonts\umsa.fd
File: umsa.fd 2013/01/14 v3.01 AMS symbols A
)
LaTeX Font Info:    Trying to load font information for U+msb on input line 47.


(C:\Users\pablo\AppData\Local\Programs\MiKTeX\tex/latex/amsfonts\umsb.fd
File: umsb.fd 2013/01/14 v3.01 AMS symbols B
)
(caratura.tex
<imagenes/fiuba.png, id=98, 144.54pt x 144.54pt>
File: imagenes/fiuba.png Graphic file (type png)
<use imagenes/fiuba.png>
Package pdftex.def Info: imagenes/fiuba.png  used on input line 6.
(pdftex.def)             Requested size: 144.53963pt x 144.53963pt.
) [1{C:/Users/pablo/AppData/Local/MiKTeX/pdftex/config/pdftex.map}

 <./imagenes/fiuba.png>] (introduccion.tex) (des.tex
<imagenes/lenna.png, id=113, 644.4075pt x 642.14906pt>
File: imagenes/lenna.png Graphic file (type png)
<use imagenes/lenna.png>
Package pdftex.def Info: imagenes/lenna.png  used on input line 11.
(pdftex.def)             Requested size: 322.20296pt x 321.07375pt.
<imagenes/BMPfileFormat.png, id=114, 642.4pt x 1337.99875pt>
File: imagenes/BMPfileFormat.png Graphic file (type png)
<use imagenes/BMPfileFormat.png>
Package pdftex.def Info: imagenes/BMPfileFormat.png  used on input line 18.
(pdftex.def)             Requested size: 321.19922pt x 668.99774pt.
 [2 <./imagenes/lenna.png>]
Overfull \vbox (19.16742pt too high) has occurred while \output is active []


[3 <./imagenes/BMPfileFormat.png>]
<imagenes/Hmul2.png, id=128, 295.85532pt x 587.19376pt>
File: imagenes/Hmul2.png Graphic file (type png)
<use imagenes/Hmul2.png>
Package pdftex.def Info: imagenes/Hmul2.png  used on input line 29.
(pdftex.def)             Requested size: 147.92729pt x 293.59616pt.
<imagenes/Hdiv2.png, id=129, 389.20406pt x 195.73125pt>
File: imagenes/Hdiv2.png Graphic file (type png)
<use imagenes/Hdiv2.png>
Package pdftex.def Info: imagenes/Hdiv2.png  used on input line 31.
(pdftex.def)             Requested size: 194.60155pt x 97.86537pt.
<imagenes/Wmul2.png, id=130, 773.89125pt x 386.94562pt>
File: imagenes/Wmul2.png Graphic file (type png)
<use imagenes/Wmul2.png>
Package pdftex.def Info: imagenes/Wmul2.png  used on input line 37.
(pdftex.def)             Requested size: 386.94467pt x 193.47234pt.
<imagenes/Wdiv2.png, id=131, 192.72pt x 385.44pt>
File: imagenes/Wdiv2.png Graphic file (type png)
<use imagenes/Wdiv2.png>
Package pdftex.def Info: imagenes/Wdiv2.png  used on input line 39.
(pdftex.def)             Requested size: 96.35976pt x 192.71953pt.
 [4 <./imagenes/Hmul2.png> <./imagenes/Hdiv2.png>]
<imagenes/HyWmul2.png, id=140, 590.205pt x 592.46344pt>
File: imagenes/HyWmul2.png Graphic file (type png)
<use imagenes/HyWmul2.png>
Package pdftex.def Info: imagenes/HyWmul2.png  used on input line 47.
(pdftex.def)             Requested size: 295.10178pt x 296.23099pt.
<imagenes/HyWdiv2.png, id=141, 192.72pt x 194.22563pt>
File: imagenes/HyWdiv2.png Graphic file (type png)
<use imagenes/HyWdiv2.png>
Package pdftex.def Info: imagenes/HyWdiv2.png  used on input line 49.
(pdftex.def)             Requested size: 96.35976pt x 97.11256pt.
 [5 <./imagenes/Wmul2.png> <./imagenes/Wdiv2.png>]
<imagenes/Hdiv2Yvuelvo.png, id=149, 389.20406pt x 386.19281pt>
File: imagenes/Hdiv2Yvuelvo.png Graphic file (type png)
<use imagenes/Hdiv2Yvuelvo.png>
Package pdftex.def Info: imagenes/Hdiv2Yvuelvo.png  used on input line 57.
(pdftex.def)             Requested size: 194.60155pt x 193.09592pt.
<imagenes/Wdiv2yVuelvo.png, id=150, 386.94562pt x 389.20406pt>
File: imagenes/Wdiv2yVuelvo.png Graphic file (type png)
<use imagenes/Wdiv2yVuelvo.png>
Package pdftex.def Info: imagenes/Wdiv2yVuelvo.png  used on input line 59.
(pdftex.def)             Requested size: 193.47234pt x 194.60155pt.
<imagenes/Sizediv2.png, id=151, 389.20406pt x 384.6872pt>
File: imagenes/Sizediv2.png Graphic file (type png)
<use imagenes/Sizediv2.png>
Package pdftex.def Info: imagenes/Sizediv2.png  used on input line 67.
(pdftex.def)             Requested size: 194.60155pt x 192.34312pt.
<imagenes/Sizemul2YHyWmul2.png, id=152, 593.21625pt x 588.69937pt>
File: imagenes/Sizemul2YHyWmul2.png Graphic file (type png)
<use imagenes/Sizemul2YHyWmul2.png>
Package pdftex.def Info: imagenes/Sizemul2YHyWmul2.png  used on input line 69.
(pdftex.def)             Requested size: 296.60739pt x 294.34895pt.
 [6 <./imagenes/HyWmul2.png> <./imagenes/HyWdiv2.png> <./imagenes/Hdiv2Yvuelvo.
png> <./imagenes/Wdiv2yVuelvo.png>]
<imagenes/copiadoRGB.png, id=163, 594.72188pt x 590.95781pt>
File: imagenes/copiadoRGB.png Graphic file (type png)
<use imagenes/copiadoRGB.png>
Package pdftex.def Info: imagenes/copiadoRGB.png  used on input line 77.
(pdftex.def)             Requested size: 297.36021pt x 295.47818pt.
 [7 <./imagenes/Sizediv2.png> <./imagenes/Sizemul2YHyWmul2.png>]
<imagenes/lennaGrisRGB.png, id=172, 383.93437pt x 386.94562pt>
File: imagenes/lennaGrisRGB.png Graphic file (type png)
<use imagenes/lennaGrisRGB.png>
Package pdftex.def Info: imagenes/lennaGrisRGB.png  used on input line 97.
(pdftex.def)             Requested size: 191.9667pt x 193.47234pt.

[8 <./imagenes/copiadoRGB.png>]
<imagenes/lennaGrisValores.png, id=180, 384.6872pt x 384.6872pt>
File: imagenes/lennaGrisValores.png Graphic file (type png)
<use imagenes/lennaGrisValores.png>
Package pdftex.def Info: imagenes/lennaGrisValores.png  used on input line 113.

(pdftex.def)             Requested size: 192.34312pt x 192.34312pt.
 [9 <./imagenes/lennaGrisRGB.png> <./imagenes/lennaGrisValores.png>]
File: imagenes/lennaGrisValores.png Graphic file (type png)
<use imagenes/lennaGrisValores.png>
Package pdftex.def Info: imagenes/lennaGrisValores.png  used on input line 135.

(pdftex.def)             Requested size: 192.34312pt x 192.34312pt.
<imagenes/negativoColor.png, id=192, 385.44pt x 385.44pt>
File: imagenes/negativoColor.png Graphic file (type png)
<use imagenes/negativoColor.png>
Package pdftex.def Info: imagenes/negativoColor.png  used on input line 150.
(pdftex.def)             Requested size: 192.71953pt x 192.71953pt.
<imagenes/negativoGris.png, id=193, 389.20406pt x 388.45125pt>
File: imagenes/negativoGris.png Graphic file (type png)
<use imagenes/negativoGris.png>
Package pdftex.def Info: imagenes/negativoGris.png  used on input line 152.
(pdftex.def)             Requested size: 194.60155pt x 194.22514pt.
 [10 <./imagenes/negativoColor.png> <./imagenes/negativoGris.png>]
<imagenes/ruidoCte.png, id=203, 513.92pt x 513.92pt>
File: imagenes/ruidoCte.png Graphic file (type png)
<use imagenes/ruidoCte.png>
Package pdftex.def Info: imagenes/ruidoCte.png  used on input line 170.
(pdftex.def)             Requested size: 256.95937pt x 256.95937pt.
<imagenes/ruidoAleatorioNormal.png, id=204, 513.92pt x 513.92pt>
File: imagenes/ruidoAleatorioNormal.png Graphic file (type png)
<use imagenes/ruidoAleatorioNormal.png>
Package pdftex.def Info: imagenes/ruidoAleatorioNormal.png  used on input line 
182.
(pdftex.def)             Requested size: 256.95937pt x 256.95937pt.
 [11 <./imagenes/ruidoCte.png (PNG copy)>]
<imagenes/ruidoAleatorioBernuli.png, id=211, 513.92pt x 513.92pt>
File: imagenes/ruidoAleatorioBernuli.png Graphic file (type png)
<use imagenes/ruidoAleatorioBernuli.png>
Package pdftex.def Info: imagenes/ruidoAleatorioBernuli.png  used on input line
 193.
(pdftex.def)             Requested size: 256.95937pt x 256.95937pt.
 [12 <./imagenes/ruidoAleatorioNormal.png (PNG copy)> <./imagenes/ruidoAleatori
oBernuli.png (PNG copy)>]

LaTeX Warning: Reference `fig:recorrido' on page 13 undefined on input line 205
.

<imagenes/recoridoH.png, id=218, 141.52875pt x 127.22531pt>
File: imagenes/recoridoH.png Graphic file (type png)
<use imagenes/recoridoH.png>
Package pdftex.def Info: imagenes/recoridoH.png  used on input line 209.
(pdftex.def)             Requested size: 106.14629pt x 95.41873pt.
<imagenes/recorridoV.png, id=219, 153.57375pt x 141.52875pt>
File: imagenes/recorridoV.png Graphic file (type png)
<use imagenes/recorridoV.png>
Package pdftex.def Info: imagenes/recorridoV.png  used on input line 210.
(pdftex.def)             Requested size: 115.18002pt x 106.14629pt.
<imagenes/recorridoHorizontal.png, id=220, 513.92pt x 513.92pt>
File: imagenes/recorridoHorizontal.png Graphic file (type png)
<use imagenes/recorridoHorizontal.png>
Package pdftex.def Info: imagenes/recorridoHorizontal.png  used on input line 2
17.
(pdftex.def)             Requested size: 256.95937pt x 256.95937pt.
<imagenes/recoridoVertical.png, id=221, 513.92pt x 513.92pt>
File: imagenes/recoridoVertical.png Graphic file (type png)
<use imagenes/recoridoVertical.png>
Package pdftex.def Info: imagenes/recoridoVertical.png  used on input line 218.

(pdftex.def)             Requested size: 256.95937pt x 256.95937pt.
[13 <./imagenes/recoridoH.png> <./imagenes/recorridoV.png>]
<imagenes/recorridoHorizontal-Histograma.png, id=231, 389.455pt x 248.93pt>
File: imagenes/recorridoHorizontal-Histograma.png Graphic file (type png)
<use imagenes/recorridoHorizontal-Histograma.png>
Package pdftex.def Info: imagenes/recorridoHorizontal-Histograma.png  used on i
nput line 226.
(pdftex.def)             Requested size: 194.72702pt x 124.46469pt.
<imagenes/recorridoVertical-Histograma.png, id=232, 389.455pt x 252.945pt>
File: imagenes/recorridoVertical-Histograma.png Graphic file (type png)
<use imagenes/recorridoVertical-Histograma.png>
Package pdftex.def Info: imagenes/recorridoVertical-Histograma.png  used on inp
ut line 228.
(pdftex.def)             Requested size: 194.72702pt x 126.47218pt.
 [14 <./imagenes/recorridoHorizontal.png (PNG copy)> <./imagenes/recoridoVertic
al.png (PNG copy)>]
<imagenes/sumaRecorido.png, id=240, 513.92pt x 513.92pt>
File: imagenes/sumaRecorido.png Graphic file (type png)
<use imagenes/sumaRecorido.png>
Package pdftex.def Info: imagenes/sumaRecorido.png  used on input line 236.
(pdftex.def)             Requested size: 256.95937pt x 256.95937pt.
<imagenes/curvasHilbert.png, id=242, 652.68843pt x 424.58624pt>
File: imagenes/curvasHilbert.png Graphic file (type png)
<use imagenes/curvasHilbert.png>
Package pdftex.def Info: imagenes/curvasHilbert.png  used on input line 247.
(pdftex.def)             Requested size: 326.34341pt x 212.2926pt.

[15 <./imagenes/recorridoHorizontal-Histograma.png> <./imagenes/recorridoVertic
al-Histograma.png> <./imagenes/sumaRecorido.png (PNG copy)>]
<imagenes/hilbert.jpeg, id=255, 688.5725pt x 607.26875pt>
File: imagenes/hilbert.jpeg Graphic file (type jpg)
<use imagenes/hilbert.jpeg>
Package pdftex.def Info: imagenes/hilbert.jpeg  used on input line 256.
(pdftex.def)             Requested size: 344.2854pt x 303.63364pt.
<imagenes/zoom0-sis.png, id=257, 570.63188pt x 285.31593pt>
File: imagenes/zoom0-sis.png Graphic file (type png)
<use imagenes/zoom0-sis.png>
Package pdftex.def Info: imagenes/zoom0-sis.png  used on input line 268.
(pdftex.def)             Requested size: 285.31525pt x 142.65761pt.
 [16 <./imagenes/curvasHilbert.png> <./imagenes/hilbert.jpeg>]
<imagenes/sup-izqZoom0.png, id=264, 513.92pt x 513.92pt>
File: imagenes/sup-izqZoom0.png Graphic file (type png)
<use imagenes/sup-izqZoom0.png>
Package pdftex.def Info: imagenes/sup-izqZoom0.png  used on input line 277.
(pdftex.def)             Requested size: 205.56435pt x 205.56435pt.
<imagenes/sup-derZoom0.png, id=265, 513.92pt x 513.92pt>
File: imagenes/sup-derZoom0.png Graphic file (type png)
<use imagenes/sup-derZoom0.png>
Package pdftex.def Info: imagenes/sup-derZoom0.png  used on input line 278.
(pdftex.def)             Requested size: 205.56435pt x 205.56435pt.
<imagenes/inf-izqZoom0.png, id=266, 513.92pt x 513.92pt>
File: imagenes/inf-izqZoom0.png Graphic file (type png)
<use imagenes/inf-izqZoom0.png>
Package pdftex.def Info: imagenes/inf-izqZoom0.png  used on input line 279.
(pdftex.def)             Requested size: 205.56435pt x 205.56435pt.
<imagenes/inf-derZoom0.png, id=267, 513.92pt x 513.92pt>
File: imagenes/inf-derZoom0.png Graphic file (type png)
<use imagenes/inf-derZoom0.png>
Package pdftex.def Info: imagenes/inf-derZoom0.png  used on input line 280.
(pdftex.def)             Requested size: 205.56435pt x 205.56435pt.
 [17 <./imagenes/zoom0-sis.png>]
<imagenes/transformadaCoseno.png, id=273, 369.38pt x 248.93pt>
File: imagenes/transformadaCoseno.png Graphic file (type png)
<use imagenes/transformadaCoseno.png>
Package pdftex.def Info: imagenes/transformadaCoseno.png  used on input line 29
0.
(pdftex.def)             Requested size: 184.68954pt x 124.46469pt.

[18 <./imagenes/sup-izqZoom0.png (PNG copy)> <./imagenes/sup-derZoom0.png (PNG 
copy)> <./imagenes/inf-izqZoom0.png (PNG copy)> <./imagenes/inf-derZoom0.png (P
NG copy)>]
<imagenes/ecSis.png, id=286, 484.81125pt x 163.3603pt>
File: imagenes/ecSis.png Graphic file (type png)
<use imagenes/ecSis.png>
Package pdftex.def Info: imagenes/ecSis.png  used on input line 303.
(pdftex.def)             Requested size: 242.40503pt x 81.67995pt.
<imagenes/histOriginal.png, id=287, 382.42876pt x 248.93pt>
File: imagenes/histOriginal.png Graphic file (type png)
<use imagenes/histOriginal.png>
Package pdftex.def Info: imagenes/histOriginal.png  used on input line 312.
(pdftex.def)             Requested size: 191.2139pt x 124.46469pt.
<imagenes/histEcualizado.png, id=288, 382.42876pt x 248.93pt>
File: imagenes/histEcualizado.png Graphic file (type png)
<use imagenes/histEcualizado.png>
Package pdftex.def Info: imagenes/histEcualizado.png  used on input line 314.
(pdftex.def)             Requested size: 191.2139pt x 124.46469pt.
<imagenes/ecualidazorHistograma.png, id=289, 513.92pt x 513.92pt>
File: imagenes/ecualidazorHistograma.png Graphic file (type png)
<use imagenes/ecualidazorHistograma.png>
Package pdftex.def Info: imagenes/ecualidazorHistograma.png  used on input line
 320.
(pdftex.def)             Requested size: 256.95937pt x 256.95937pt.
 [19 <./imagenes/transformadaCoseno.png> <./imagenes/ecSis.png> <./imagenes/his
tOriginal.png> <./imagenes/histEcualizado.png>]
<imagenes/stretching.png, id=303, 513.92pt x 513.92pt>
File: imagenes/stretching.png Graphic file (type png)
<use imagenes/stretching.png>
Package pdftex.def Info: imagenes/stretching.png  used on input line 335.
(pdftex.def)             Requested size: 256.95937pt x 256.95937pt.
 [20 <./imagenes/ecualidazorHistograma.png (PNG copy)>]
<imagenes/kmeans-k-5.png, id=309, 513.92pt x 513.92pt>
File: imagenes/kmeans-k-5.png Graphic file (type png)
<use imagenes/kmeans-k-5.png>
Package pdftex.def Info: imagenes/kmeans-k-5.png  used on input line 351.
(pdftex.def)             Requested size: 128.47968pt x 128.47968pt.
<imagenes/kmeans-k-10.png, id=310, 513.92pt x 513.92pt>
File: imagenes/kmeans-k-10.png Graphic file (type png)
<use imagenes/kmeans-k-10.png>
Package pdftex.def Info: imagenes/kmeans-k-10.png  used on input line 352.
(pdftex.def)             Requested size: 128.47968pt x 128.47968pt.
<imagenes/kmeans-k-20.png, id=311, 513.92pt x 513.92pt>
File: imagenes/kmeans-k-20.png Graphic file (type png)
<use imagenes/kmeans-k-20.png>
Package pdftex.def Info: imagenes/kmeans-k-20.png  used on input line 353.
(pdftex.def)             Requested size: 128.47968pt x 128.47968pt.
<imagenes/kmeans-k-40.png, id=312, 513.92pt x 513.92pt>
File: imagenes/kmeans-k-40.png Graphic file (type png)
<use imagenes/kmeans-k-40.png>
Package pdftex.def Info: imagenes/kmeans-k-40.png  used on input line 354.
(pdftex.def)             Requested size: 128.47968pt x 128.47968pt.
<imagenes/kmeans-k-80.png, id=313, 513.92pt x 513.92pt>
File: imagenes/kmeans-k-80.png Graphic file (type png)
<use imagenes/kmeans-k-80.png>
Package pdftex.def Info: imagenes/kmeans-k-80.png  used on input line 355.
(pdftex.def)             Requested size: 128.47968pt x 128.47968pt.
<imagenes/kmeans-k-100.png, id=314, 513.92pt x 513.92pt>
File: imagenes/kmeans-k-100.png Graphic file (type png)
<use imagenes/kmeans-k-100.png>
Package pdftex.def Info: imagenes/kmeans-k-100.png  used on input line 356.
(pdftex.def)             Requested size: 128.47968pt x 128.47968pt.
<imagenes/kmeans-k-255.png, id=315, 513.92pt x 513.92pt>
File: imagenes/kmeans-k-255.png Graphic file (type png)
<use imagenes/kmeans-k-255.png>
Package pdftex.def Info: imagenes/kmeans-k-255.png  used on input line 357.
(pdftex.def)             Requested size: 128.47968pt x 128.47968pt.
 [21 <./imagenes/stretching.png (PNG copy)>]

LaTeX Warning: Reference `fig:IFS' on page 22 undefined on input line 366.

<imagenes/IFS.png, id=321, 648.92438pt x 374.90062pt>
File: imagenes/IFS.png Graphic file (type png)
<use imagenes/IFS.png>
Package pdftex.def Info: imagenes/IFS.png  used on input line 370.
(pdftex.def)             Requested size: 324.4614pt x 187.44984pt.
[22 <./imagenes/kmeans-k-5.png (PNG copy)> <./imagenes/kmeans-k-10.png (PNG cop
y)> <./imagenes/kmeans-k-20.png (PNG copy)> <./imagenes/kmeans-k-40.png (PNG co
py)> <./imagenes/kmeans-k-80.png (PNG copy)> <./imagenes/kmeans-k-100.png (PNG 
copy)> <./imagenes/kmeans-k-255.png (PNG copy)>]) [23 <./imagenes/IFS.png>]
Package atveryend Info: Empty hook `BeforeClearDocument' on input line 57.
Package atveryend Info: Empty hook `AfterLastShipout' on input line 57.

(TpImagenes-Alejandro.aux
LaTeX Info: Redefining \. on input line 25.
LaTeX Info: Redefining \% on input line 25.
)
Package atveryend Info: Executing hook `AtVeryEndDocument' on input line 57.
Package atveryend Info: Executing hook `AtEndAfterFileList' on input line 57.
Package rerunfilecheck Info: File `TpImagenes-Alejandro.out' has not changed.
(rerunfilecheck)             Checksum: 8D7F3753D103B36069C32588DBB50F0E;1447.


LaTeX Warning: There were undefined references.


LaTeX Warning: Label(s) may have changed. Rerun to get cross-references right.

Package atveryend Info: Empty hook `AtVeryVeryEnd' on input line 57.
 ) 
Here is how much of TeX's memory you used:
 36284 strings out of 480790
 850295 string characters out of 2897301
 1247824 words of memory out of 3000000
 51612 multiletter control sequences out of 15000+200000
 539930 words of font info for 54 fonts, out of 3000000 for 9000
 1141 hyphenation exceptions out of 8191
 68i,13n,71p,917b,774s stack positions out of 5000i,500n,10000p,200000b,50000s
<C:/Users/pablo/AppData/Local/Programs/MiKTeX/fonts/type1/public/amsfonts/cm/
cmbx10.pfb><C:/Users/pablo/AppData/Local/Programs/MiKTeX/fonts/type1/public/ams
fonts/cm/cmbx12.pfb><C:/Users/pablo/AppData/Local/Programs/MiKTeX/fonts/type1/p
ublic/amsfonts/cm/cmex10.pfb><C:/Users/pablo/AppData/Local/Programs/MiKTeX/font
s/type1/public/amsfonts/cm/cmmi10.pfb><C:/Users/pablo/AppData/Local/Programs/Mi
KTeX/fonts/type1/public/amsfonts/cm/cmmi7.pfb><C:/Users/pablo/AppData/Local/Pro
grams/MiKTeX/fonts/type1/public/amsfonts/cm/cmr10.pfb><C:/Users/pablo/AppData/L
ocal/Programs/MiKTeX/fonts/type1/public/amsfonts/cm/cmr12.pfb><C:/Users/pablo/A
ppData/Local/Programs/MiKTeX/fonts/type1/public/amsfonts/cm/cmr17.pfb><C:/Users
/pablo/AppData/Local/Programs/MiKTeX/fonts/type1/public/amsfonts/cm/cmr7.pfb><C
:/Users/pablo/AppData/Local/Programs/MiKTeX/fonts/type1/public/amsfonts/cm/cmr8
.pfb><C:/Users/pablo/AppData/Local/Programs/MiKTeX/fonts/type1/public/amsfonts/
cm/cmsy10.pfb><C:/Users/pablo/AppData/Local/Programs/MiKTeX/fonts/type1/public/
amsfonts/cm/cmti10.pfb><C:/Users/pablo/AppData/Local/Programs/MiKTeX/fonts/type
1/public/amsfonts/symbols/msbm10.pfb>
Output written on TpImagenes-Alejandro.pdf (23 pages, 12200348 bytes).
PDF statistics:
 410 PDF objects out of 1000 (max. 8388607)
 116 named destinations out of 1000 (max. 500000)
 442 words of extra memory for PDF output out of 10000 (max. 10000000)

